<?xml version="1.0" encoding="UTF-8"?>
<testng-results skipped="0" failed="0" ignored="0" total="1" passed="1">
  <reporter-output>
  </reporter-output>
  <suite name="Default suite" duration-ms="10836" started-at="2020-04-03T05:57:14Z" finished-at="2020-04-03T05:57:25Z">
    <groups>
    </groups>
    <test name="Default test" duration-ms="10836" started-at="2020-04-03T05:57:14Z" finished-at="2020-04-03T05:57:25Z">
      <class name="changeWebpageText.CoronaTextChange">
        <test-method status="PASS" signature="openmail()[pri:0, instance:changeWebpageText.CoronaTextChange@18be83e4]" name="openmail" duration-ms="10805" started-at="2020-04-03T11:27:14Z" finished-at="2020-04-03T11:27:25Z">
          <reporter-output>
          </reporter-output>
        </test-method> <!-- openmail -->
      </class> <!-- changeWebpageText.CoronaTextChange -->
    </test> <!-- Default test -->
  </suite> <!-- Default suite -->
</testng-results>
